  main.cpp
C:\Users\hy\Downloads\Dodger-SFML-main\Dodger-SFML-main\Dodger\Dodger\main.cpp(29,59): warning C4244: 'argument' : conversion de 'T' en 'float', perte possible de données
C:\Users\hy\Downloads\Dodger-SFML-main\Dodger-SFML-main\Dodger\Dodger\main.cpp(29,59): warning C4244:         with
C:\Users\hy\Downloads\Dodger-SFML-main\Dodger-SFML-main\Dodger\Dodger\main.cpp(29,59): warning C4244:         [
C:\Users\hy\Downloads\Dodger-SFML-main\Dodger-SFML-main\Dodger\Dodger\main.cpp(29,59): warning C4244:             T=unsigned int
C:\Users\hy\Downloads\Dodger-SFML-main\Dodger-SFML-main\Dodger\Dodger\main.cpp(29,59): warning C4244:         ]
C:\Users\hy\Downloads\Dodger-SFML-main\Dodger-SFML-main\Dodger\Dodger\main.cpp(29,35): warning C4244: 'argument' : conversion de 'T' en 'float', perte possible de données
C:\Users\hy\Downloads\Dodger-SFML-main\Dodger-SFML-main\Dodger\Dodger\main.cpp(29,35): warning C4244:         with
C:\Users\hy\Downloads\Dodger-SFML-main\Dodger-SFML-main\Dodger\Dodger\main.cpp(29,35): warning C4244:         [
C:\Users\hy\Downloads\Dodger-SFML-main\Dodger-SFML-main\Dodger\Dodger\main.cpp(29,35): warning C4244:             T=unsigned int
C:\Users\hy\Downloads\Dodger-SFML-main\Dodger-SFML-main\Dodger\Dodger\main.cpp(29,35): warning C4244:         ]
C:\Users\hy\Downloads\Dodger-SFML-main\Dodger-SFML-main\Dodger\Dodger\main.cpp(123,63): warning C4244: 'argument' : conversion de 'T' en 'float', perte possible de données
C:\Users\hy\Downloads\Dodger-SFML-main\Dodger-SFML-main\Dodger\Dodger\main.cpp(123,63): warning C4244:         with
C:\Users\hy\Downloads\Dodger-SFML-main\Dodger-SFML-main\Dodger\Dodger\main.cpp(123,63): warning C4244:         [
C:\Users\hy\Downloads\Dodger-SFML-main\Dodger-SFML-main\Dodger\Dodger\main.cpp(123,63): warning C4244:             T=unsigned int
C:\Users\hy\Downloads\Dodger-SFML-main\Dodger-SFML-main\Dodger\Dodger\main.cpp(123,63): warning C4244:         ]
C:\Users\hy\Downloads\Dodger-SFML-main\Dodger-SFML-main\Dodger\Dodger\main.cpp(123,39): warning C4244: 'argument' : conversion de 'T' en 'float', perte possible de données
C:\Users\hy\Downloads\Dodger-SFML-main\Dodger-SFML-main\Dodger\Dodger\main.cpp(123,39): warning C4244:         with
C:\Users\hy\Downloads\Dodger-SFML-main\Dodger-SFML-main\Dodger\Dodger\main.cpp(123,39): warning C4244:         [
C:\Users\hy\Downloads\Dodger-SFML-main\Dodger-SFML-main\Dodger\Dodger\main.cpp(123,39): warning C4244:             T=unsigned int
C:\Users\hy\Downloads\Dodger-SFML-main\Dodger-SFML-main\Dodger\Dodger\main.cpp(123,39): warning C4244:         ]
  Player.cpp
  Texture.cpp
  TextureManager.cpp
  Zombie.cpp
  ZombieManager.cpp
  Génération de code en cours
  Previous IPDB not found, fall back to full compilation.
  All 367 functions were compiled because no usable IPDB/IOBJ from previous compilation was found.
  Fin de la génération du code
  Dodger.vcxproj -> C:\Users\hy\Downloads\Dodger-SFML-main\Dodger-SFML-main\Dodger\x64\Release\Dodger.exe
